<?xml version="1.0" encoding="UTF-8"?>
<!-- Generated by org.testng.reporters.JUnitReportReporter -->
<testsuite hostname="VIJAYB-IN" failures="0" tests="5" name="com.tests.LoginTest" time="2.530" errors="0" timestamp="23 May 2021 07:39:13 GMT" skipped="0">
  <testcase classname="com.tests.LoginTest" name="Login_Test_TC1_2_3" time="1.094"/>
  <testcase classname="com.tests.LoginTest" name="Login_Test_TC8" time="0.261"/>
  <testcase classname="com.tests.LoginTest" name="Login_Test_TC4" time="0.375"/>
  <testcase classname="com.tests.LoginTest" name="Login_Test_TC9" time="0.227"/>
  <testcase classname="com.tests.LoginTest" name="Login_Test_TC16" time="0.573"/>
</testsuite> <!-- com.tests.LoginTest -->
